build/app/outputs/mapping/release/mapping.txt
# compiler: R8
# compiler_version: 1.5.64
# min_api: 21
# pg_map_id: c3c853f
...
com.google.firebase.FirebaseTooManyRequestsException -> b.a.c.i:
com.google.firebase.analytics.FirebaseAnalytics -> com.google.firebase.analytics.FirebaseAnalytics:
    com.google.firebase.analytics.FirebaseAnalytics zza -> d
    com.google.android.gms.measurement.internal.zzgf zzb -> a
    com.google.android.gms.internal.measurement.zzx zzc -> b
    boolean zzd -> c
com.google.firebase.analytics.connector.AnalyticsConnector -> com.google.firebase.analytics.a.a:
com.google.firebase.analytics.connector.AnalyticsConnectorImpl -> com.google.firebase.analytics.a.b:
    com.google.firebase.analytics.connector.AnalyticsConnector zzb -> b
    com.google.android.gms.measurement.AppMeasurement zzc -> a
    com.google.firebase.analytics.connector.AnalyticsConnector getInstance(com.google.firebase.FirebaseApp,android.content.Context,com.google.firebase.events.Subscriber) -> a
    void zza(com.google.firebase.events.Event) -> a
com.google.firebase.analytics.connector.internal.zzc -> com.google.firebase.analytics.connector.internal.a:
    com.google.firebase.components.ComponentFactory zza -> a
    java.lang.Object create(com.google.firebase.components.ComponentContainer) -> a
com.google.firebase.analytics.connector.zza -> com.google.firebase.analytics.a.c:
    java.util.concurrent.Executor zza -> a
com.google.firebase.analytics.connector.zzb -> com.google.firebase.analytics.a.d:
    com.google.firebase.events.EventHandler zza -> a
    void handle(com.google.firebase.events.Event) -> a
com.google.firebase.analytics.zzb -> com.google.firebase.analytics.b:
    com.google.android.gms.internal.measurement.zzx zza -> a
    java.util.List zza(java.lang.String,java.lang.String) -> a
    java.util.Map zza(java.lang.String,java.lang.String,boolean) -> a
    void zza(android.os.Bundle) -> a
    void zza(java.lang.String) -> a
    void zzb(java.lang.String,java.lang.String,android.os.Bundle) -> a
    void zzb(boolean) -> a
    void zza(java.lang.String,java.lang.String,android.os.Bundle) -> b
    int zzc(java.lang.String) -> b
    void zzb(java.lang.String) -> c
    java.lang.String zza() -> f
    java.lang.String zzb() -> g
    java.lang.String zzd() -> h
    java.lang.String zzc() -> i
    long zze() -> p
com.google.firebase.auth.ActionCodeSettings -> com.google.firebase.auth.a:
    java.lang.String zzf -> g
    java.lang.String zzh -> i
    int zzi -> j
    java.lang.String zzj -> k
    boolean zze -> f
    boolean zzg -> h
    java.lang.String zzb -> c
    java.lang.String zza -> b
    java.lang.String zzd -> e
    java.lang.String zzc -> d
    java.lang.String getIOSBundle() -> A
    java.lang.String getUrl() -> B
    com.google.firebase.auth.ActionCodeSettings$Builder newBuilder() -> C
    void zza(com.google.android.gms.internal.firebase_auth.zzgk) -> a
    void zza(java.lang.String) -> a
    com.google.firebase.auth.ActionCodeSettings zza() -> f
    boolean canHandleCodeInApp() -> w
    boolean getAndroidInstallApp() -> x
    java.lang.String getAndroidMinimumVersion() -> y
    java.lang.String getAndroidPackageName() -> z